d:\z-secret-mystuff\school_stuff\introprogramare\minesweeper\mine-27d067f2-0a5d-450f-9cb2-64a4ab241cf8-sweeper\minesweeper\minesweeper\debug\vc140.pdb
d:\z-secret-mystuff\school_stuff\introprogramare\minesweeper\mine-27d067f2-0a5d-450f-9cb2-64a4ab241cf8-sweeper\minesweeper\minesweeper\debug\vc140.idb
d:\z-secret-mystuff\school_stuff\introprogramare\minesweeper\mine-27d067f2-0a5d-450f-9cb2-64a4ab241cf8-sweeper\minesweeper\minesweeper\debug\gamemanager.obj
d:\z-secret-mystuff\school_stuff\introprogramare\minesweeper\mine-27d067f2-0a5d-450f-9cb2-64a4ab241cf8-sweeper\minesweeper\minesweeper\debug\grid.obj
d:\z-secret-mystuff\school_stuff\introprogramare\minesweeper\mine-27d067f2-0a5d-450f-9cb2-64a4ab241cf8-sweeper\minesweeper\minesweeper\debug\gridcell.obj
d:\z-secret-mystuff\school_stuff\introprogramare\minesweeper\mine-27d067f2-0a5d-450f-9cb2-64a4ab241cf8-sweeper\minesweeper\minesweeper\debug\program.obj
d:\z-secret-mystuff\school_stuff\introprogramare\minesweeper\mine-27d067f2-0a5d-450f-9cb2-64a4ab241cf8-sweeper\minesweeper\minesweeper\debug\uicoordinates.obj
d:\z-secret-mystuff\school_stuff\introprogramare\minesweeper\mine-27d067f2-0a5d-450f-9cb2-64a4ab241cf8-sweeper\minesweeper\minesweeper\debug\uielement.obj
d:\z-secret-mystuff\school_stuff\introprogramare\minesweeper\mine-27d067f2-0a5d-450f-9cb2-64a4ab241cf8-sweeper\minesweeper\minesweeper\debug\uimanager.obj
d:\z-secret-mystuff\school_stuff\introprogramare\minesweeper\mine-27d067f2-0a5d-450f-9cb2-64a4ab241cf8-sweeper\minesweeper\debug\minesweeper.pdb
d:\z-secret-mystuff\school_stuff\introprogramare\minesweeper\mine-27d067f2-0a5d-450f-9cb2-64a4ab241cf8-sweeper\minesweeper\minesweeper\debug\minesweeper.tlog\cl.command.1.tlog
d:\z-secret-mystuff\school_stuff\introprogramare\minesweeper\mine-27d067f2-0a5d-450f-9cb2-64a4ab241cf8-sweeper\minesweeper\minesweeper\debug\minesweeper.tlog\cl.read.1.tlog
d:\z-secret-mystuff\school_stuff\introprogramare\minesweeper\mine-27d067f2-0a5d-450f-9cb2-64a4ab241cf8-sweeper\minesweeper\minesweeper\debug\minesweeper.tlog\cl.write.1.tlog
d:\z-secret-mystuff\school_stuff\introprogramare\minesweeper\mine-27d067f2-0a5d-450f-9cb2-64a4ab241cf8-sweeper\minesweeper\minesweeper\debug\minesweeper.tlog\link-cvtres.read.1.tlog
d:\z-secret-mystuff\school_stuff\introprogramare\minesweeper\mine-27d067f2-0a5d-450f-9cb2-64a4ab241cf8-sweeper\minesweeper\minesweeper\debug\minesweeper.tlog\link-cvtres.write.1.tlog
d:\z-secret-mystuff\school_stuff\introprogramare\minesweeper\mine-27d067f2-0a5d-450f-9cb2-64a4ab241cf8-sweeper\minesweeper\minesweeper\debug\minesweeper.tlog\link-rc.read.1.tlog
d:\z-secret-mystuff\school_stuff\introprogramare\minesweeper\mine-27d067f2-0a5d-450f-9cb2-64a4ab241cf8-sweeper\minesweeper\minesweeper\debug\minesweeper.tlog\link-rc.write.1.tlog
d:\z-secret-mystuff\school_stuff\introprogramare\minesweeper\mine-27d067f2-0a5d-450f-9cb2-64a4ab241cf8-sweeper\minesweeper\minesweeper\debug\minesweeper.tlog\link.command.1.tlog
d:\z-secret-mystuff\school_stuff\introprogramare\minesweeper\mine-27d067f2-0a5d-450f-9cb2-64a4ab241cf8-sweeper\minesweeper\minesweeper\debug\minesweeper.tlog\link.read.1.tlog
d:\z-secret-mystuff\school_stuff\introprogramare\minesweeper\mine-27d067f2-0a5d-450f-9cb2-64a4ab241cf8-sweeper\minesweeper\minesweeper\debug\minesweeper.tlog\link.write.1.tlog
